#
# There is insufficient memory for the Java Runtime Environment to continue.
# Cannot create GC thread. Out of system resources.
# Possible reasons:
#   The system is out of physical RAM or swap space
#   In 32 bit mode, the process size limit was hit
# Possible solutions:
#   Reduce memory load on the system
#   Increase physical memory or swap space
#   Check if swap backing store is full
#   Use 64 bit Java on a 64 bit OS
#   Decrease Java heap size (-Xmx/-Xms)
#   Decrease number of Java threads
#   Decrease Java thread stack sizes (-Xss)
#   Set larger code cache with -XX:ReservedCodeCacheSize=
# This output file may be truncated or incomplete.
#
#  Out of Memory Error (gcTaskThread.cpp:48), pid=2064, tid=140227400185600
#
# JRE version:  (8.0_66-b17) (build )
# Java VM: Java HotSpot(TM) 64-Bit Server VM (25.66-b17 mixed mode linux-amd64 compressed oops)
# Failed to write core dump. Core dumps have been disabled. To enable core dumping, try "ulimit -c unlimited" before starting Java again
#

---------------  T H R E A D  ---------------

Current thread (0x00007f8934007800):  JavaThread "Unknown thread" [_thread_in_vm, id=2068, stack(0x00007f893c503000,0x00007f893c604000)]

Stack: [0x00007f893c503000,0x00007f893c604000],  sp=0x00007f893c6025e0,  free space=1021k
Native frames: (J=compiled Java code, j=interpreted, Vv=VM code, C=native code)
V  [libjvm.so+0xab9a1a]  VMError::report_and_die()+0x2ba
V  [libjvm.so+0x4f9e0b]  report_vm_out_of_memory(char const*, int, unsigned long, VMErrorType, char const*)+0x8b
V  [libjvm.so+0x5d37bf]  GCTaskThread::GCTaskThread(GCTaskManager*, unsigned int, unsigned int)+0x15f
V  [libjvm.so+0x5d257b]  GCTaskManager::initialize()+0x3ab
V  [libjvm.so+0x93dd3d]  ParallelScavengeHeap::initialize()+0x34d
V  [libjvm.so+0xa8224b]  Universe::initialize_heap()+0xfb
V  [libjvm.so+0xa825be]  universe_init()+0x3e
V  [libjvm.so+0x6388f5]  init_globals()+0x65
V  [libjvm.so+0xa667be]  Threads::create_vm(JavaVMInitArgs*, bool*)+0x23e
V  [libjvm.so+0x6cce14]  JNI_CreateJavaVM+0x74
C  [libjli.so+0x745e]  JavaMain+0x9e
C  [libpthread.so.0+0x7324]  start_thread+0xc4


---------------  P R O C E S S  ---------------

Java Threads: ( => current thread )

Other Threads:

=>0x00007f8934007800 (exited) JavaThread "Unknown thread" [_thread_in_vm, id=2068, stack(0x00007f893c503000,0x00007f893c604000)]

VM state:not at safepoint (not fully initialized)

VM Mutex/Monitor currently owned by a thread: None

GC Heap History (0 events):
No events

Deoptimization events (0 events):
No events

Internal exceptions (0 events):
No events

Events (0 events):
No events


Dynamic libraries:
00400000-00401000 r-xp 00000000 08:07 545192                             /usr/opt/oracle-jdk-bin-1.8.0.66/bin/javac
00600000-00601000 rw-p 00000000 08:07 545192                             /usr/opt/oracle-jdk-bin-1.8.0.66/bin/javac
00ef1000-00f12000 rw-p 00000000 00:00 0                                  [heap]
6c7000000-6c7580000 rw-p 00000000 00:00 0 
6c7580000-76d000000 ---p 00000000 00:00 0 
76d000000-76d280000 rw-p 00000000 00:00 0 
76d280000-7c0000000 ---p 00000000 00:00 0 
7f8925000000-7f8925270000 rwxp 00000000 00:00 0 
7f8925270000-7f8934000000 ---p 00000000 00:00 0 
7f8934000000-7f8934038000 rw-p 00000000 00:00 0 
7f8934038000-7f8938000000 ---p 00000000 00:00 0 
7f89389cb000-7f8938c50000 rw-p 00000000 00:00 0 
7f8938c50000-7f8938c51000 ---p 00000000 00:00 0 
7f8938c51000-7f8938d51000 rw-p 00000000 00:00 0 
7f8938d51000-7f8938d52000 ---p 00000000 00:00 0 
7f8938d52000-7f8938e55000 rw-p 00000000 00:00 0                          [stack:2069]
7f8938e55000-7f8939382000 ---p 00000000 00:00 0 
7f8939382000-7f8939385000 rw-p 00000000 00:00 0 
7f8939385000-7f89398b2000 ---p 00000000 00:00 0 
7f89398b2000-7f89398b4000 rw-p 00000000 00:00 0 
7f89398b4000-7f8939b4a000 ---p 00000000 00:00 0 
7f8939b4a000-7f8939b55000 rw-p 00000000 00:00 0 
7f8939b55000-7f8939f0b000 ---p 00000000 00:00 0 
7f8939f0b000-7f8939f25000 r-xp 00000000 08:07 545029                     /usr/opt/oracle-jdk-bin-1.8.0.66/jre/lib/amd64/libzip.so
7f8939f25000-7f893a125000 ---p 0001a000 08:07 545029                     /usr/opt/oracle-jdk-bin-1.8.0.66/jre/lib/amd64/libzip.so
7f893a125000-7f893a126000 rw-p 0001a000 08:07 545029                     /usr/opt/oracle-jdk-bin-1.8.0.66/jre/lib/amd64/libzip.so
7f893a126000-7f893a150000 r-xp 00000000 08:07 545046                     /usr/opt/oracle-jdk-bin-1.8.0.66/jre/lib/amd64/libjava.so
7f893a150000-7f893a350000 ---p 0002a000 08:07 545046                     /usr/opt/oracle-jdk-bin-1.8.0.66/jre/lib/amd64/libjava.so
7f893a350000-7f893a352000 rw-p 0002a000 08:07 545046                     /usr/opt/oracle-jdk-bin-1.8.0.66/jre/lib/amd64/libjava.so
7f893a352000-7f893a35f000 r-xp 00000000 08:07 545038                     /usr/opt/oracle-jdk-bin-1.8.0.66/jre/lib/amd64/libverify.so
7f893a35f000-7f893a55f000 ---p 0000d000 08:07 545038                     /usr/opt/oracle-jdk-bin-1.8.0.66/jre/lib/amd64/libverify.so
7f893a55f000-7f893a561000 rw-p 0000d000 08:07 545038                     /usr/opt/oracle-jdk-bin-1.8.0.66/jre/lib/amd64/libverify.so
7f893a561000-7f893a567000 r-xp 00000000 08:02 347                        /lib64/librt-2.21.so
7f893a567000-7f893a767000 ---p 00006000 08:02 347                        /lib64/librt-2.21.so
7f893a767000-7f893a768000 r--p 00006000 08:02 347                        /lib64/librt-2.21.so
7f893a768000-7f893a769000 rw-p 00007000 08:02 347                        /lib64/librt-2.21.so
7f893a769000-7f893a864000 r-xp 00000000 08:02 295                        /lib64/libm-2.21.so
7f893a864000-7f893aa63000 ---p 000fb000 08:02 295                        /lib64/libm-2.21.so
7f893aa63000-7f893aa64000 r--p 000fa000 08:02 295                        /lib64/libm-2.21.so
7f893aa64000-7f893aa65000 rw-p 000fb000 08:02 295                        /lib64/libm-2.21.so
7f893aa65000-7f893b723000 r-xp 00000000 08:07 545026                     /usr/opt/oracle-jdk-bin-1.8.0.66/jre/lib/amd64/server/libjvm.so
7f893b723000-7f893b922000 ---p 00cbe000 08:07 545026                     /usr/opt/oracle-jdk-bin-1.8.0.66/jre/lib/amd64/server/libjvm.so
7f893b922000-7f893b9fb000 rw-p 00cbd000 08:07 545026                     /usr/opt/oracle-jdk-bin-1.8.0.66/jre/lib/amd64/server/libjvm.so
7f893b9fb000-7f893ba3f000 rw-p 00000000 00:00 0 
7f893ba3f000-7f893bbd6000 r-xp 00000000 08:02 308                        /lib64/libc-2.21.so
7f893bbd6000-7f893bdd5000 ---p 00197000 08:02 308                        /lib64/libc-2.21.so
7f893bdd5000-7f893bdd9000 r--p 00196000 08:02 308                        /lib64/libc-2.21.so
7f893bdd9000-7f893bddb000 rw-p 0019a000 08:02 308                        /lib64/libc-2.21.so
7f893bddb000-7f893bddf000 rw-p 00000000 00:00 0 
7f893bddf000-7f893bde1000 r-xp 00000000 08:02 664                        /lib64/libdl-2.21.so
7f893bde1000-7f893bfe1000 ---p 00002000 08:02 664                        /lib64/libdl-2.21.so
7f893bfe1000-7f893bfe2000 r--p 00002000 08:02 664                        /lib64/libdl-2.21.so
7f893bfe2000-7f893bfe3000 rw-p 00003000 08:02 664                        /lib64/libdl-2.21.so
7f893bfe3000-7f893bff8000 r-xp 00000000 08:07 544167                     /usr/opt/oracle-jdk-bin-1.8.0.66/lib/amd64/jli/libjli.so
7f893bff8000-7f893c1f8000 ---p 00015000 08:07 544167                     /usr/opt/oracle-jdk-bin-1.8.0.66/lib/amd64/jli/libjli.so
7f893c1f8000-7f893c1f9000 rw-p 00015000 08:07 544167                     /usr/opt/oracle-jdk-bin-1.8.0.66/lib/amd64/jli/libjli.so
7f893c1f9000-7f893c210000 r-xp 00000000 08:02 348                        /lib64/libpthread-2.21.so
7f893c210000-7f893c40f000 ---p 00017000 08:02 348                        /lib64/libpthread-2.21.so
7f893c40f000-7f893c410000 r--p 00016000 08:02 348                        /lib64/libpthread-2.21.so
7f893c410000-7f893c411000 rw-p 00017000 08:02 348                        /lib64/libpthread-2.21.so
7f893c411000-7f893c415000 rw-p 00000000 00:00 0 
7f893c415000-7f893c437000 r-xp 00000000 08:02 681                        /lib64/ld-2.21.so
7f893c4ce000-7f893c503000 r--s 00000000 08:05 970                        /var/run/nscd/dbEiooiN (deleted)
7f893c503000-7f893c506000 ---p 00000000 00:00 0 
7f893c506000-7f893c608000 rw-p 00000000 00:00 0                          [stack:2068]
7f893c628000-7f893c62b000 rw-p 00000000 00:00 0 
7f893c62b000-7f893c633000 rw-s 00000000 00:12 3797185                    /tmp/hsperfdata_skayyali/2064
7f893c633000-7f893c634000 rw-p 00000000 00:00 0 
7f893c634000-7f893c635000 r--p 00000000 00:00 0 
7f893c635000-7f893c636000 rw-p 00000000 00:00 0 
7f893c636000-7f893c637000 r--p 00021000 08:02 681                        /lib64/ld-2.21.so
7f893c637000-7f893c638000 rw-p 00022000 08:02 681                        /lib64/ld-2.21.so
7f893c638000-7f893c639000 rw-p 00000000 00:00 0 
7ffc27076000-7ffc27097000 rw-p 00000000 00:00 0                          [stack]
7ffc271eb000-7ffc271ed000 r--p 00000000 00:00 0                          [vvar]
7ffc271ed000-7ffc271ef000 r-xp 00000000 00:00 0                          [vdso]
ffffffffff600000-ffffffffff601000 r-xp 00000000 00:00 0                  [vsyscall]

VM Arguments:
jvm_args: -Dapplication.home=/usr/opt/oracle-jdk-bin-1.8.0.66 -Xms8m 
java_command: com.sun.tools.javac.Main -cp .:..:lib/heapAssign.jar -d bin src/heap/HeapFile.java src/heap/HeapScan.java src/heap/Tuple.java src/tests/HFTest.java src/tests/TestDriver.java
java_class_path (initial): /usr/opt/oracle-jdk-bin-1.8.0.66/lib/tools.jar:/usr/opt/oracle-jdk-bin-1.8.0.66/classes
Launcher Type: SUN_STANDARD

Environment Variables:
JAVA_HOME=/etc/java-config-2/current-system-vm
PATH=/p/oracle12c:/homes/skayyali/bin/.amd64-linux:/homes/skayyali/bin:/usr/local/bin:/bin:/usr/bin:/sbin:/usr/sbin:/usr/x86_64-pc-linux-gnu/gcc-bin/4.9.3:/usr/games/bin:.:/p/android-sdk/bin:/p/android-sdk/tools:/p/android-sdk/tools:/p/android-sdk/platform-tools:/p/xinu/bin
LD_LIBRARY_PATH=/p/oracle12c:
SHELL=/usr/local/bin/bash

Signal Handlers:
SIGSEGV: [libjvm.so+0xaba2a0], sa_mask[0]=11111111011111111101111111111110, sa_flags=SA_RESTART|SA_SIGINFO
SIGBUS: [libjvm.so+0xaba2a0], sa_mask[0]=11111111011111111101111111111110, sa_flags=SA_RESTART|SA_SIGINFO
SIGFPE: [libjvm.so+0x917710], sa_mask[0]=11111111011111111101111111111110, sa_flags=SA_RESTART|SA_SIGINFO
SIGPIPE: [libjvm.so+0x917710], sa_mask[0]=11111111011111111101111111111110, sa_flags=SA_RESTART|SA_SIGINFO
SIGXFSZ: [libjvm.so+0x917710], sa_mask[0]=11111111011111111101111111111110, sa_flags=SA_RESTART|SA_SIGINFO
SIGILL: [libjvm.so+0x917710], sa_mask[0]=11111111011111111101111111111110, sa_flags=SA_RESTART|SA_SIGINFO
SIGUSR1: SIG_DFL, sa_mask[0]=00000000000000000000000000000000, sa_flags=none
SIGUSR2: [libjvm.so+0x918d40], sa_mask[0]=00000000000000000000000000000000, sa_flags=SA_RESTART|SA_SIGINFO
SIGHUP: SIG_DFL, sa_mask[0]=00000000000000000000000000000000, sa_flags=none
SIGINT: SIG_DFL, sa_mask[0]=00000000000000000000000000000000, sa_flags=none
SIGTERM: SIG_DFL, sa_mask[0]=00000000000000000000000000000000, sa_flags=none
SIGQUIT: SIG_DFL, sa_mask[0]=00000000000000000000000000000000, sa_flags=none


---------------  S Y S T E M  ---------------

OS:Gentoo Base System release 2.2

uname:Linux 4.3.3 #2 SMP Wed Jan 6 16:46:12 EST 2016 x86_64
libc:glibc 2.21 NPTL 2.21 
rlimit: STACK 8192k, CORE 0k, NPROC 256, NOFILE 4096, AS infinity
load average:0.04 0.11 0.09

/proc/meminfo:
MemTotal:       16315948 kB
MemFree:        13084488 kB
MemAvailable:   15292732 kB
Buffers:           81892 kB
Cached:          2170380 kB
SwapCached:         3240 kB
Active:          2418220 kB
Inactive:         609752 kB
Active(anon):     769924 kB
Inactive(anon):   102620 kB
Active(file):    1648296 kB
Inactive(file):   507132 kB
Unevictable:           0 kB
Mlocked:               0 kB
SwapTotal:      16777212 kB
SwapFree:       16760712 kB
Dirty:                72 kB
Writeback:             0 kB
AnonPages:        773772 kB
Mapped:           229520 kB
Shmem:             96836 kB
Slab:             148968 kB
SReclaimable:     112984 kB
SUnreclaim:        35984 kB
KernelStack:        8544 kB
PageTables:        17476 kB
NFS_Unstable:          0 kB
Bounce:                0 kB
WritebackTmp:          0 kB
CommitLimit:    24935184 kB
Committed_AS:    5772248 kB
VmallocTotal:   34359738367 kB
VmallocUsed:      347928 kB
VmallocChunk:   34358947836 kB
AnonHugePages:         0 kB
DirectMap4k:       19024 kB
DirectMap2M:     1976320 kB
DirectMap1G:    15728640 kB


CPU:total 8 (4 cores per cpu, 2 threads per core) family 6 model 60 stepping 3, cmov, cx8, fxsr, mmx, sse, sse2, sse3, ssse3, sse4.1, sse4.2, popcnt, avx, avx2, aes, clmul, erms, rtm, lzcnt, ht, tsc, tscinvbit, bmi1, bmi2

/proc/cpuinfo:
processor	: 0
vendor_id	: GenuineIntel
cpu family	: 6
model		: 60
model name	: Intel(R) Core(TM) i7-4790S CPU @ 3.20GHz
stepping	: 3
microcode	: 0x19
cpu MHz		: 904.375
cache size	: 8192 KB
physical id	: 0
siblings	: 8
core id		: 0
cpu cores	: 4
apicid		: 0
initial apicid	: 0
fpu		: yes
fpu_exception	: yes
cpuid level	: 13
wp		: yes
flags		: fpu vme de pse tsc msr pae mce cx8 apic sep mtrr pge mca cmov pat pse36 clflush dts acpi mmx fxsr sse sse2 ss ht tm pbe syscall nx pdpe1gb rdtscp lm constant_tsc arch_perfmon pebs bts rep_good nopl xtopology nonstop_tsc aperfmperf eagerfpu pni pclmulqdq dtes64 monitor ds_cpl vmx smx est tm2 ssse3 sdbg fma cx16 xtpr pdcm pcid sse4_1 sse4_2 x2apic movbe popcnt tsc_deadline_timer aes xsave avx f16c rdrand lahf_lm abm ida arat epb pln pts dtherm tpr_shadow vnmi flexpriority ept vpid fsgsbase tsc_adjust bmi1 hle avx2 smep bmi2 erms invpcid rtm xsaveopt
bugs		:
bogomips	: 6385.23
clflush size	: 64
cache_alignment	: 64
address sizes	: 39 bits physical, 48 bits virtual
power management:

processor	: 1
vendor_id	: GenuineIntel
cpu family	: 6
model		: 60
model name	: Intel(R) Core(TM) i7-4790S CPU @ 3.20GHz
stepping	: 3
microcode	: 0x19
cpu MHz		: 805.875
cache size	: 8192 KB
physical id	: 0
siblings	: 8
core id		: 1
cpu cores	: 4
apicid		: 2
initial apicid	: 2
fpu		: yes
fpu_exception	: yes
cpuid level	: 13
wp		: yes
flags		: fpu vme de pse tsc msr pae mce cx8 apic sep mtrr pge mca cmov pat pse36 clflush dts acpi mmx fxsr sse sse2 ss ht tm pbe syscall nx pdpe1gb rdtscp lm constant_tsc arch_perfmon pebs bts rep_good nopl xtopology nonstop_tsc aperfmperf eagerfpu pni pclmulqdq dtes64 monitor ds_cpl vmx smx est tm2 ssse3 sdbg fma cx16 xtpr pdcm pcid sse4_1 sse4_2 x2apic movbe popcnt tsc_deadline_timer aes xsave avx f16c rdrand lahf_lm abm ida arat epb pln pts dtherm tpr_shadow vnmi flexpriority ept vpid fsgsbase tsc_adjust bmi1 hle avx2 smep bmi2 erms invpcid rtm xsaveopt
bugs		:
bogomips	: 6385.23
clflush size	: 64
cache_alignment	: 64
address sizes	: 39 bits physical, 48 bits virtual
power management:

processor	: 2
vendor_id	: GenuineIntel
cpu family	: 6
model		: 60
model name	: Intel(R) Core(TM) i7-4790S CPU @ 3.20GHz
stepping	: 3
microcode	: 0x19
cpu MHz		: 1042.250
cache size	: 8192 KB
physical id	: 0
siblings	: 8
core id		: 2
cpu cores	: 4
apicid		: 4
initial apicid	: 4
fpu		: yes
fpu_exception	: yes
cpuid level	: 13
wp		: yes
flags		: fpu vme de pse tsc msr pae mce cx8 apic sep mtrr pge mca cmov pat pse36 clflush dts acpi mmx fxsr sse sse2 ss ht tm pbe syscall nx pdpe1gb rdtscp lm constant_tsc arch_perfmon pebs bts rep_good nopl xtopology nonstop_tsc aperfmperf eagerfpu pni pclmulqdq dtes64 monitor ds_cpl vmx smx est tm2 ssse3 sdbg fma cx16 xtpr pdcm pcid sse4_1 sse4_2 x2apic movbe popcnt tsc_deadline_timer aes xsave avx f16c rdrand lahf_lm abm ida arat epb pln pts dtherm tpr_shadow vnmi flexpriority ept vpid fsgsbase tsc_adjust bmi1 hle avx2 smep bmi2 erms invpcid rtm xsaveopt
bugs		:
bogomips	: 6385.23
clflush size	: 64
cache_alignment	: 64
address sizes	: 39 bits physical, 48 bits virtual
power management:

processor	: 3
vendor_id	: GenuineIntel
cpu family	: 6
model		: 60
model name	: Intel(R) Core(TM) i7-4790S CPU @ 3.20GHz
stepping	: 3
microcode	: 0x19
cpu MHz		: 938.750
cache size	: 8192 KB
physical id	: 0
siblings	: 8
core id		: 3
cpu cores	: 4
apicid		: 6
initial apicid	: 6
fpu		: yes
fpu_exception	: yes
cpuid level	: 13
wp		: yes
flags		: fpu vme de pse tsc msr pae mce cx8 apic sep mtrr pge mca cmov pat pse36 clflush dts acpi mmx fxsr sse sse2 ss ht tm pbe syscall nx pdpe1gb rdtscp lm constant_tsc arch_perfmon pebs bts rep_good nopl xtopology nonstop_tsc aperfmperf eagerfpu pni pclmulqdq dtes64 monitor ds_cpl vmx smx est tm2 ssse3 sdbg fma cx16 xtpr pdcm pcid sse4_1 sse4_2 x2apic movbe popcnt tsc_deadline_timer aes xsave avx f16c rdrand lahf_lm abm ida arat epb pln pts dtherm tpr_shadow vnmi flexpriority ept vpid fsgsbase tsc_adjust bmi1 hle avx2 smep bmi2 erms invpcid rtm xsaveopt
bugs		:
bogomips	: 6385.23
clflush size	: 64
cache_alignment	: 64
address sizes	: 39 bits physical, 48 bits virtual
power management:

processor	: 4
vendor_id	: GenuineIntel
cpu family	: 6
model		: 60
model name	: Intel(R) Core(TM) i7-4790S CPU @ 3.20GHz
stepping	: 3
microcode	: 0x19
cpu MHz		: 1282.000
cache size	: 8192 KB
physical id	: 0
siblings	: 8
core id		: 0
cpu cores	: 4
apicid		: 1
initial apicid	: 1
fpu		: yes
fpu_exception	: yes
cpuid level	: 13
wp		: yes
flags		: fpu vme de pse tsc msr pae mce cx8 apic sep mtrr pge mca cmov pat pse36 clflush dts acpi mmx fxsr sse sse2 ss ht tm pbe syscall nx pdpe1gb rdtscp lm constant_tsc arch_perfmon pebs bts rep_good nopl xtopology nonstop_tsc aperfmperf eagerfpu pni pclmulqdq dtes64 monitor ds_cpl vmx smx est tm2 ssse3 sdbg fma cx16 xtpr pdcm pcid sse4_1 sse4_2 x2apic movbe popcnt tsc_deadline_timer aes xsave avx f16c rdrand lahf_lm abm ida arat epb pln pts dtherm tpr_shadow vnmi flexpriority ept vpid fsgsbase tsc_adjust bmi1 hle avx2 smep bmi2 erms invpcid rtm xsaveopt
bugs		:
bogomips	: 6385.23
clflush size	: 64
cache_alignment	: 64
address sizes	: 39 bits physical, 48 bits virtual
power management:

processor	: 5
vendor_id	: GenuineIntel
cpu family	: 6
model		: 60
model name	: Intel(R) Core(TM) i7-4790S CPU @ 3.20GHz
stepping	: 3
microcode	: 0x19
cpu MHz		: 1133.625
cache size	: 8192 KB
physical id	: 0
siblings	: 8
core id		: 1
cpu cores	: 4
apicid		: 3
initial apicid	: 3
fpu		: yes
fpu_exception	: yes
cpuid level	: 13
wp		: yes
flags		: fpu vme de pse tsc msr pae mce cx8 apic sep mtrr pge mca cmov pat pse36 clflush dts acpi mmx fxsr sse sse2 ss ht tm pbe syscall nx pdpe1gb rdtscp lm constant_tsc arch_perfmon pebs bts rep_good nopl xtopology nonstop_tsc aperfmperf eagerfpu pni pclmulqdq dtes64 monitor ds_cpl vmx smx est tm2 ssse3 sdbg fma cx16 xtpr pdcm pcid sse4_1 sse4_2 x2apic movbe popcnt tsc_deadline_timer aes xsave avx f16c rdrand lahf_lm abm ida arat epb pln pts dtherm tpr_shadow vnmi flexpriority ept vpid fsgsbase tsc_adjust bmi1 hle avx2 smep bmi2 erms invpcid rtm xsaveopt
bugs		:
bogomips	: 6385.23
clflush size	: 64
cache_alignment	: 64
address sizes	: 39 bits physical, 48 bits virtual
power management:

processor	: 6
vendor_id	: GenuineIntel
cpu family	: 6
model		: 60
model name	: Intel(R) Core(TM) i7-4790S CPU @ 3.20GHz
stepping	: 3
microcode	: 0x19
cpu MHz		: 1213.375
cache size	: 8192 KB
physical id	: 0
siblings	: 8
core id		: 2
cpu cores	: 4
apicid		: 5
initial apicid	: 5
fpu		: yes
fpu_exception	: yes
cpuid level	: 13
wp		: yes
flags		: fpu vme de pse tsc msr pae mce cx8 apic sep mtrr pge mca cmov pat pse36 clflush dts acpi mmx fxsr sse sse2 ss ht tm pbe syscall nx pdpe1gb rdtscp lm constant_tsc arch_perfmon pebs bts rep_good nopl xtopology nonstop_tsc aperfmperf eagerfpu pni pclmulqdq dtes64 monitor ds_cpl vmx smx est tm2 ssse3 sdbg fma cx16 xtpr pdcm pcid sse4_1 sse4_2 x2apic movbe popcnt tsc_deadline_timer aes xsave avx f16c rdrand lahf_lm abm ida arat epb pln pts dtherm tpr_shadow vnmi flexpriority ept vpid fsgsbase tsc_adjust bmi1 hle avx2 smep bmi2 erms invpcid rtm xsaveopt
bugs		:
bogomips	: 6385.23
clflush size	: 64
cache_alignment	: 64
address sizes	: 39 bits physical, 48 bits virtual
power management:

processor	: 7
vendor_id	: GenuineIntel
cpu family	: 6
model		: 60
model name	: Intel(R) Core(TM) i7-4790S CPU @ 3.20GHz
stepping	: 3
microcode	: 0x19
cpu MHz		: 1295.875
cache size	: 8192 KB
physical id	: 0
siblings	: 8
core id		: 3
cpu cores	: 4
apicid		: 7
initial apicid	: 7
fpu		: yes
fpu_exception	: yes
cpuid level	: 13
wp		: yes
flags		: fpu vme de pse tsc msr pae mce cx8 apic sep mtrr pge mca cmov pat pse36 clflush dts acpi mmx fxsr sse sse2 ss ht tm pbe syscall nx pdpe1gb rdtscp lm constant_tsc arch_perfmon pebs bts rep_good nopl xtopology nonstop_tsc aperfmperf eagerfpu pni pclmulqdq dtes64 monitor ds_cpl vmx smx est tm2 ssse3 sdbg fma cx16 xtpr pdcm pcid sse4_1 sse4_2 x2apic movbe popcnt tsc_deadline_timer aes xsave avx f16c rdrand lahf_lm abm ida arat epb pln pts dtherm tpr_shadow vnmi flexpriority ept vpid fsgsbase tsc_adjust bmi1 hle avx2 smep bmi2 erms invpcid rtm xsaveopt
bugs		:
bogomips	: 6385.23
clflush size	: 64
cache_alignment	: 64
address sizes	: 39 bits physical, 48 bits virtual
power management:



Memory: 4k page, physical 16315948k(13084488k free), swap 16777212k(16760712k free)

vm_info: Java HotSpot(TM) 64-Bit Server VM (25.66-b17) for linux-amd64 JRE (1.8.0_66-b17), built on Oct  6 2015 17:28:34 by "java_re" with gcc 4.3.0 20080428 (Red Hat 4.3.0-8)

time: Wed Feb 17 21:45:37 2016
elapsed time: 0 seconds (0d 0h 0m 0s)

